2022-05-21 18:54:19.294 --- ory$DuplicateJsonObjectContextCustomizer : 

Found multiple occurrences of org.json.JSONObject on the class path:

	jar:file:/C:/Users/%d0%90%d0%b4%d0%bc%d0%b8%d0%bd%d0%b8%d1%81%d1%82%d1%80%d0%b0%d1%82%d0%be%d1%80.WIN-103UOKTRKAS/.gradle/caches/modules-2/files-2.1/org.json/json/20180813/8566b2b0391d9d4479ea225645c6ed47ef17fe41/json-20180813.jar!/org/json/JSONObject.class
	jar:file:/C:/Users/%d0%90%d0%b4%d0%bc%d0%b8%d0%bd%d0%b8%d1%81%d1%82%d1%80%d0%b0%d1%82%d0%be%d1%80.WIN-103UOKTRKAS/.gradle/caches/modules-2/files-2.1/com.vaadin.external.google/android-json/0.0.20131108.vaadin1/fa26d351fe62a6a17f5cda1287c1c6110dec413f/android-json-0.0.20131108.vaadin1.jar!/org/json/JSONObject.class

You may wish to exclude one of them to ensure predictable runtime behavior

2022-05-21 18:54:19.983 --- _teamspeak.model.TeamspeakCommandLetTest : getCmd = NEXT
2022-05-21 18:54:20.001 --- _teamspeak.model.TeamspeakCommandLetTest : getCmd = DEFAULT
2022-05-21 18:54:20.007 --- ontext.SpringBootTestContextBootstrapper : Neither @ContextConfiguration nor @ContextHierarchy found for test class [local.ts3snet.unicbot_ms_spring.module_telegram.model.CommandLetTest], using SpringBootContextLoader
2022-05-21 18:54:20.008 --- st.context.support.AbstractContextLoader : Could not detect default resource locations for test class [local.ts3snet.unicbot_ms_spring.module_telegram.model.CommandLetTest]: no resource found for suffixes {-context.xml, Context.groovy}.
2022-05-21 18:54:20.011 --- ontext.SpringBootTestContextBootstrapper : Loaded default TestExecutionListener class names from location [META-INF/spring.factories]: [org.springframework.boot.test.autoconfigure.restdocs.RestDocsTestExecutionListener, org.springframework.boot.test.autoconfigure.web.client.MockRestServiceServerResetTestExecutionListener, org.springframework.boot.test.autoconfigure.web.servlet.MockMvcPrintOnlyOnFailureTestExecutionListener, org.springframework.boot.test.autoconfigure.web.servlet.WebDriverTestExecutionListener, org.springframework.boot.test.autoconfigure.webservices.client.MockWebServiceServerTestExecutionListener, org.springframework.boot.test.mock.mockito.MockitoTestExecutionListener, org.springframework.boot.test.mock.mockito.ResetMocksTestExecutionListener, org.springframework.test.context.web.ServletTestExecutionListener, org.springframework.test.context.support.DirtiesContextBeforeModesTestExecutionListener, org.springframework.test.context.event.ApplicationEventsTestExecutionListener, org.springframework.test.context.support.DependencyInjectionTestExecutionListener, org.springframework.test.context.support.DirtiesContextTestExecutionListener, org.springframework.test.context.transaction.TransactionalTestExecutionListener, org.springframework.test.context.jdbc.SqlScriptsTestExecutionListener, org.springframework.test.context.event.EventPublishingTestExecutionListener]
2022-05-21 18:54:20.012 --- ontext.SpringBootTestContextBootstrapper : Using TestExecutionListeners: [org.springframework.test.context.web.ServletTestExecutionListener@2c6d04c6, org.springframework.test.context.support.DirtiesContextBeforeModesTestExecutionListener@12088ebc, org.springframework.test.context.event.ApplicationEventsTestExecutionListener@10e309a7, org.springframework.boot.test.mock.mockito.MockitoTestExecutionListener@d5d3a4, org.springframework.boot.test.autoconfigure.SpringBootDependencyInjectionTestExecutionListener@44dabc4c, org.springframework.test.context.support.DirtiesContextTestExecutionListener@1271b705, org.springframework.test.context.transaction.TransactionalTestExecutionListener@1ad72add, org.springframework.test.context.jdbc.SqlScriptsTestExecutionListener@34b192d0, org.springframework.test.context.event.EventPublishingTestExecutionListener@259870d6, org.springframework.boot.test.autoconfigure.restdocs.RestDocsTestExecutionListener@3ace22ff, org.springframework.boot.test.autoconfigure.web.client.MockRestServiceServerResetTestExecutionListener@19ec76b9, org.springframework.boot.test.autoconfigure.web.servlet.MockMvcPrintOnlyOnFailureTestExecutionListener@21734046, org.springframework.boot.test.autoconfigure.web.servlet.WebDriverTestExecutionListener@478b8a7e, org.springframework.boot.test.autoconfigure.webservices.client.MockWebServiceServerTestExecutionListener@c9981aa, org.springframework.boot.test.mock.mockito.ResetMocksTestExecutionListener@76ba773e]
2022-05-21 18:54:20.048 --- ory$DuplicateJsonObjectContextCustomizer : 

Found multiple occurrences of org.json.JSONObject on the class path:

	jar:file:/C:/Users/%d0%90%d0%b4%d0%bc%d0%b8%d0%bd%d0%b8%d1%81%d1%82%d1%80%d0%b0%d1%82%d0%be%d1%80.WIN-103UOKTRKAS/.gradle/caches/modules-2/files-2.1/org.json/json/20180813/8566b2b0391d9d4479ea225645c6ed47ef17fe41/json-20180813.jar!/org/json/JSONObject.class
	jar:file:/C:/Users/%d0%90%d0%b4%d0%bc%d0%b8%d0%bd%d0%b8%d1%81%d1%82%d1%80%d0%b0%d1%82%d0%be%d1%80.WIN-103UOKTRKAS/.gradle/caches/modules-2/files-2.1/com.vaadin.external.google/android-json/0.0.20131108.vaadin1/fa26d351fe62a6a17f5cda1287c1c6110dec413f/android-json-0.0.20131108.vaadin1.jar!/org/json/JSONObject.class

You may wish to exclude one of them to ensure predictable runtime behavior

2022-05-21 18:54:20.069 --- ing.module_telegram.model.CommandLetTest : getAllMessage = asdsd  sss daw^*&!@#(!@  5 test line
2022-05-21 18:54:20.073 --- ing.module_telegram.model.CommandLetTest : getCmd = /next
2022-05-21 18:54:20.077 --- ing.module_telegram.model.CommandLetTest : getCmd = default
2022-05-21 18:54:20.082 --- ing.module_telegram.model.CommandLetTest : getAllMessage = 5 test line
2022-05-21 18:54:20.090 --- ing.module_telegram.model.CommandLetTest : getFirstParameter = 5
